<?xml version="1.0" encoding="UTF-8"?>
<coverage generated="1665529821054" clover="3.2.0">
  <project timestamp="1665529821054" name="All files">
    <metrics statements="71" coveredstatements="67" conditionals="4" coveredconditionals="2" methods="37" coveredmethods="33" elements="112" coveredelements="102" complexity="0" loc="71" ncloc="71" packages="13" files="31" classes="31"/>
    <package name="Billing.Invoices">
      <metrics statements="23" coveredstatements="19" conditionals="2" coveredconditionals="1" methods="11" coveredmethods="7"/>
      <file name="Invoices.tsx" path="C:\Users\Ivan\Desktop\msb-ui\src\components\Billing\Invoices\Invoices.tsx">
        <metrics statements="8" coveredstatements="6" conditionals="0" coveredconditionals="0" methods="5" coveredmethods="3"/>
        <line num="13" count="1" type="stmt"/>
        <line num="14" count="1" type="stmt"/>
        <line num="16" count="1" type="stmt"/>
        <line num="17" count="1" type="stmt"/>
        <line num="19" count="1" type="stmt"/>
        <line num="20" count="0" type="stmt"/>
        <line num="21" count="0" type="stmt"/>
        <line num="25" count="1" type="stmt"/>
      </file>
      <file name="config.tsx" path="C:\Users\Ivan\Desktop\msb-ui\src\components\Billing\Invoices\config.tsx">
        <metrics statements="15" coveredstatements="13" conditionals="2" coveredconditionals="1" methods="6" coveredmethods="4"/>
        <line num="11" count="1" type="stmt"/>
        <line num="12" count="21" type="stmt"/>
        <line num="14" count="0" type="stmt"/>
        <line num="19" count="1" type="stmt"/>
        <line num="20" count="1" type="stmt"/>
        <line num="22" count="1" type="stmt"/>
        <line num="23" count="0" type="stmt"/>
        <line num="26" count="1" type="stmt"/>
        <line num="27" count="1" type="stmt"/>
        <line num="29" count="1" type="stmt"/>
        <line num="32" count="1" type="stmt"/>
        <line num="40" count="1" type="stmt"/>
        <line num="67" count="1" type="stmt"/>
        <line num="75" count="1" type="stmt"/>
        <line num="83" count="1" type="stmt"/>
      </file>
      <file name="index.tsx" path="C:\Users\Ivan\Desktop\msb-ui\src\components\Billing\Invoices\index.tsx">
        <metrics statements="0" coveredstatements="0" conditionals="0" coveredconditionals="0" methods="0" coveredmethods="0"/>
      </file>
    </package>
    <package name="common.CheckboxItem">
      <metrics statements="2" coveredstatements="2" conditionals="0" coveredconditionals="0" methods="1" coveredmethods="1"/>
      <file name="CheckboxItem.tsx" path="C:\Users\Ivan\Desktop\msb-ui\src\components\common\CheckboxItem\CheckboxItem.tsx">
        <metrics statements="2" coveredstatements="2" conditionals="0" coveredconditionals="0" methods="1" coveredmethods="1"/>
        <line num="9" count="3" type="stmt"/>
        <line num="10" count="23" type="stmt"/>
      </file>
      <file name="index.tsx" path="C:\Users\Ivan\Desktop\msb-ui\src\components\common\CheckboxItem\index.tsx">
        <metrics statements="0" coveredstatements="0" conditionals="0" coveredconditionals="0" methods="0" coveredmethods="0"/>
      </file>
    </package>
    <package name="common.Container">
      <metrics statements="2" coveredstatements="2" conditionals="0" coveredconditionals="0" methods="1" coveredmethods="1"/>
      <file name="Container.tsx" path="C:\Users\Ivan\Desktop\msb-ui\src\components\common\Container\Container.tsx">
        <metrics statements="2" coveredstatements="2" conditionals="0" coveredconditionals="0" methods="1" coveredmethods="1"/>
        <line num="11" count="2" type="stmt"/>
        <line num="12" count="2" type="stmt"/>
      </file>
      <file name="index.tsx" path="C:\Users\Ivan\Desktop\msb-ui\src\components\common\Container\index.tsx">
        <metrics statements="0" coveredstatements="0" conditionals="0" coveredconditionals="0" methods="0" coveredmethods="0"/>
      </file>
    </package>
    <package name="common.CustomTable">
      <metrics statements="9" coveredstatements="9" conditionals="0" coveredconditionals="0" methods="5" coveredmethods="5"/>
      <file name="CustomTable.tsx" path="C:\Users\Ivan\Desktop\msb-ui\src\components\common\CustomTable\CustomTable.tsx">
        <metrics statements="9" coveredstatements="9" conditionals="0" coveredconditionals="0" methods="5" coveredmethods="5"/>
        <line num="13" count="2" type="stmt"/>
        <line num="14" count="2" type="stmt"/>
        <line num="16" count="2" type="stmt"/>
        <line num="18" count="2" type="stmt"/>
        <line num="24" count="2" type="stmt"/>
        <line num="27" count="8" type="stmt"/>
        <line num="35" count="23" type="stmt"/>
        <line num="36" count="23" type="stmt"/>
        <line num="41" count="130" type="stmt"/>
      </file>
      <file name="index.tsx" path="C:\Users\Ivan\Desktop\msb-ui\src\components\common\CustomTable\index.tsx">
        <metrics statements="0" coveredstatements="0" conditionals="0" coveredconditionals="0" methods="0" coveredmethods="0"/>
      </file>
    </package>
    <package name="common.CustomTable.components.Pagination">
      <metrics statements="2" coveredstatements="2" conditionals="0" coveredconditionals="0" methods="1" coveredmethods="1"/>
      <file name="Pagination.tsx" path="C:\Users\Ivan\Desktop\msb-ui\src\components\common\CustomTable\components\Pagination\Pagination.tsx">
        <metrics statements="2" coveredstatements="2" conditionals="0" coveredconditionals="0" methods="1" coveredmethods="1"/>
        <line num="7" count="2" type="stmt"/>
        <line num="8" count="2" type="stmt"/>
      </file>
      <file name="index.tsx" path="C:\Users\Ivan\Desktop\msb-ui\src\components\common\CustomTable\components\Pagination\index.tsx">
        <metrics statements="0" coveredstatements="0" conditionals="0" coveredconditionals="0" methods="0" coveredmethods="0"/>
      </file>
    </package>
    <package name="common.PageHeader">
      <metrics statements="2" coveredstatements="2" conditionals="0" coveredconditionals="0" methods="1" coveredmethods="1"/>
      <file name="PageHeader.tsx" path="C:\Users\Ivan\Desktop\msb-ui\src\components\common\PageHeader\PageHeader.tsx">
        <metrics statements="2" coveredstatements="2" conditionals="0" coveredconditionals="0" methods="1" coveredmethods="1"/>
        <line num="10" count="3" type="stmt"/>
        <line num="11" count="4" type="stmt"/>
      </file>
      <file name="index.tsx" path="C:\Users\Ivan\Desktop\msb-ui\src\components\common\PageHeader\index.tsx">
        <metrics statements="0" coveredstatements="0" conditionals="0" coveredconditionals="0" methods="0" coveredmethods="0"/>
      </file>
    </package>
    <package name="common.PageHeader.components.BreadCrumb">
      <metrics statements="4" coveredstatements="4" conditionals="0" coveredconditionals="0" methods="3" coveredmethods="3"/>
      <file name="BreadCrumb.tsx" path="C:\Users\Ivan\Desktop\msb-ui\src\components\common\PageHeader\components\BreadCrumb\BreadCrumb.tsx">
        <metrics statements="4" coveredstatements="4" conditionals="0" coveredconditionals="0" methods="3" coveredmethods="3"/>
        <line num="4" count="4" type="stmt"/>
        <line num="5" count="14" type="stmt"/>
        <line num="7" count="5" type="stmt"/>
        <line num="11" count="6" type="stmt"/>
      </file>
      <file name="index.tsx" path="C:\Users\Ivan\Desktop\msb-ui\src\components\common\PageHeader\components\BreadCrumb\index.tsx">
        <metrics statements="0" coveredstatements="0" conditionals="0" coveredconditionals="0" methods="0" coveredmethods="0"/>
      </file>
    </package>
    <package name="common.SearchBar">
      <metrics statements="2" coveredstatements="2" conditionals="0" coveredconditionals="0" methods="1" coveredmethods="1"/>
      <file name="SearchBar.tsx" path="C:\Users\Ivan\Desktop\msb-ui\src\components\common\SearchBar\SearchBar.tsx">
        <metrics statements="2" coveredstatements="2" conditionals="0" coveredconditionals="0" methods="1" coveredmethods="1"/>
        <line num="9" count="2" type="stmt"/>
        <line num="10" count="2" type="stmt"/>
      </file>
      <file name="index.tsx" path="C:\Users\Ivan\Desktop\msb-ui\src\components\common\SearchBar\index.tsx">
        <metrics statements="0" coveredstatements="0" conditionals="0" coveredconditionals="0" methods="0" coveredmethods="0"/>
      </file>
    </package>
    <package name="common.SubSidebar">
      <metrics statements="2" coveredstatements="2" conditionals="0" coveredconditionals="0" methods="1" coveredmethods="1"/>
      <file name="SubSidebar.tsx" path="C:\Users\Ivan\Desktop\msb-ui\src\components\common\SubSidebar\SubSidebar.tsx">
        <metrics statements="2" coveredstatements="2" conditionals="0" coveredconditionals="0" methods="1" coveredmethods="1"/>
        <line num="8" count="2" type="stmt"/>
        <line num="9" count="2" type="stmt"/>
      </file>
      <file name="index.tsx" path="C:\Users\Ivan\Desktop\msb-ui\src\components\common\SubSidebar\index.tsx">
        <metrics statements="0" coveredstatements="0" conditionals="0" coveredconditionals="0" methods="0" coveredmethods="0"/>
      </file>
    </package>
    <package name="common.SubSidebar.components.NavbarCheckbox">
      <metrics statements="3" coveredstatements="3" conditionals="0" coveredconditionals="0" methods="2" coveredmethods="2"/>
      <file name="NavbarCheckbox.tsx" path="C:\Users\Ivan\Desktop\msb-ui\src\components\common\SubSidebar\components\NavbarCheckbox\NavbarCheckbox.tsx">
        <metrics statements="3" coveredstatements="3" conditionals="0" coveredconditionals="0" methods="2" coveredmethods="2"/>
        <line num="13" count="2" type="stmt"/>
        <line num="14" count="3" type="stmt"/>
        <line num="20" count="22" type="stmt"/>
      </file>
      <file name="index.tsx" path="C:\Users\Ivan\Desktop\msb-ui\src\components\common\SubSidebar\components\NavbarCheckbox\index.tsx">
        <metrics statements="0" coveredstatements="0" conditionals="0" coveredconditionals="0" methods="0" coveredmethods="0"/>
      </file>
    </package>
    <package name="common.SubSidebar.components.NavbarHolder">
      <metrics statements="2" coveredstatements="2" conditionals="0" coveredconditionals="0" methods="1" coveredmethods="1"/>
      <file name="NavbarHolder.tsx" path="C:\Users\Ivan\Desktop\msb-ui\src\components\common\SubSidebar\components\NavbarHolder\NavbarHolder.tsx">
        <metrics statements="2" coveredstatements="2" conditionals="0" coveredconditionals="0" methods="1" coveredmethods="1"/>
        <line num="9" count="2" type="stmt"/>
        <line num="10" count="4" type="stmt"/>
      </file>
      <file name="index.tsx" path="C:\Users\Ivan\Desktop\msb-ui\src\components\common\SubSidebar\components\NavbarHolder\index.tsx">
        <metrics statements="0" coveredstatements="0" conditionals="0" coveredconditionals="0" methods="0" coveredmethods="0"/>
      </file>
    </package>
    <package name="common.SubSidebar.components.NavbarPeriod">
      <metrics statements="6" coveredstatements="6" conditionals="2" coveredconditionals="1" methods="3" coveredmethods="3"/>
      <file name="NavbarPeriod.tsx" path="C:\Users\Ivan\Desktop\msb-ui\src\components\common\SubSidebar\components\NavbarPeriod\NavbarPeriod.tsx">
        <metrics statements="6" coveredstatements="6" conditionals="2" coveredconditionals="1" methods="3" coveredmethods="3"/>
        <line num="13" count="2" type="stmt"/>
        <line num="14" count="3" type="stmt"/>
        <line num="16" count="3" type="stmt"/>
        <line num="20" count="11" type="stmt"/>
        <line num="24" count="1" type="cond" truecount="1" falsecount="1"/>
        <line num="25" count="1" type="stmt"/>
      </file>
      <file name="index.tsx" path="C:\Users\Ivan\Desktop\msb-ui\src\components\common\SubSidebar\components\NavbarPeriod\index.tsx">
        <metrics statements="0" coveredstatements="0" conditionals="0" coveredconditionals="0" methods="0" coveredmethods="0"/>
      </file>
    </package>
    <package name="icons">
      <metrics statements="12" coveredstatements="12" conditionals="0" coveredconditionals="0" methods="6" coveredmethods="6"/>
      <file name="AngleLeftIcon.tsx" path="C:\Users\Ivan\Desktop\msb-ui\src\components\icons\AngleLeftIcon.tsx">
        <metrics statements="2" coveredstatements="2" conditionals="0" coveredconditionals="0" methods="1" coveredmethods="1"/>
        <line num="7" count="2" type="stmt"/>
        <line num="8" count="2" type="stmt"/>
      </file>
      <file name="AngleRightIcon.tsx" path="C:\Users\Ivan\Desktop\msb-ui\src\components\icons\AngleRightIcon.tsx">
        <metrics statements="2" coveredstatements="2" conditionals="0" coveredconditionals="0" methods="1" coveredmethods="1"/>
        <line num="7" count="2" type="stmt"/>
        <line num="8" count="2" type="stmt"/>
      </file>
      <file name="ArrowDownIcon.tsx" path="C:\Users\Ivan\Desktop\msb-ui\src\components\icons\ArrowDownIcon.tsx">
        <metrics statements="2" coveredstatements="2" conditionals="0" coveredconditionals="0" methods="1" coveredmethods="1"/>
        <line num="3" count="1" type="stmt"/>
        <line num="4" count="1" type="stmt"/>
      </file>
      <file name="Calendar.tsx" path="C:\Users\Ivan\Desktop\msb-ui\src\components\icons\Calendar.tsx">
        <metrics statements="2" coveredstatements="2" conditionals="0" coveredconditionals="0" methods="1" coveredmethods="1"/>
        <line num="3" count="1" type="stmt"/>
        <line num="4" count="5" type="stmt"/>
      </file>
      <file name="CheckboxSelectedIcon.tsx" path="C:\Users\Ivan\Desktop\msb-ui\src\components\icons\CheckboxSelectedIcon.tsx">
        <metrics statements="2" coveredstatements="2" conditionals="0" coveredconditionals="0" methods="1" coveredmethods="1"/>
        <line num="3" count="3" type="stmt"/>
        <line num="4" count="23" type="stmt"/>
      </file>
      <file name="DownloadIcon.tsx" path="C:\Users\Ivan\Desktop\msb-ui\src\components\icons\DownloadIcon.tsx">
        <metrics statements="2" coveredstatements="2" conditionals="0" coveredconditionals="0" methods="1" coveredmethods="1"/>
        <line num="8" count="1" type="stmt"/>
        <line num="9" count="21" type="stmt"/>
      </file>
    </package>
  </project>
</coverage>
