{"C:\\Users\\Ivan\\Desktop\\msb-ui\\src\\components\\Billing\\Invoices\\Invoices.tsx": {"path":"C:\\Users\\Ivan\\Desktop\\msb-ui\\src\\components\\Billing\\Invoices\\Invoices.tsx","statementMap":{"0":{"start":{"line":13,"column":17},"end":{"line":43,"column":1}},"1":{"start":{"line":14,"column":30},"end":{"line":14,"column":46}},"2":{"start":{"line":16,"column":30},"end":{"line":16,"column":72}},"3":{"start":{"line":16,"column":44},"end":{"line":16,"column":58}},"4":{"start":{"line":17,"column":18},"end":{"line":17,"column":44}},"5":{"start":{"line":17,"column":32},"end":{"line":17,"column":39}},"6":{"start":{"line":19,"column":30},"end":{"line":23,"column":3}},"7":{"start":{"line":20,"column":4},"end":{"line":22,"column":5}},"8":{"start":{"line":21,"column":30},"end":{"line":21,"column":93}},"9":{"start":{"line":25,"column":2},"end":{"line":42,"column":3}}},"fnMap":{"0":{"name":"(anonymous_0)","decl":{"start":{"line":13,"column":17},"end":{"line":13,"column":18}},"loc":{"start":{"line":13,"column":23},"end":{"line":43,"column":1}},"line":13},"1":{"name":"(anonymous_1)","decl":{"start":{"line":16,"column":38},"end":{"line":16,"column":39}},"loc":{"start":{"line":16,"column":44},"end":{"line":16,"column":58}},"line":16},"2":{"name":"(anonymous_2)","decl":{"start":{"line":17,"column":26},"end":{"line":17,"column":27}},"loc":{"start":{"line":17,"column":32},"end":{"line":17,"column":39}},"line":17},"3":{"name":"(anonymous_3)","decl":{"start":{"line":19,"column":30},"end":{"line":19,"column":31}},"loc":{"start":{"line":19,"column":74},"end":{"line":23,"column":3}},"line":19},"4":{"name":"(anonymous_4)","decl":{"start":{"line":21,"column":20},"end":{"line":21,"column":21}},"loc":{"start":{"line":21,"column":30},"end":{"line":21,"column":93}},"line":21}},"branchMap":{},"s":{"0":1,"1":1,"2":1,"3":1,"4":1,"5":1,"6":1,"7":0,"8":0,"9":1},"f":{"0":1,"1":1,"2":1,"3":0,"4":0},"b":{},"_coverageSchema":"1a1c01bbd47fc00a2c39e90264f33305004495a9","hash":"85e256c465003a03241b02b59f354b6433747a9a"}
,"C:\\Users\\Ivan\\Desktop\\msb-ui\\src\\components\\Billing\\Invoices\\config.tsx": {"path":"C:\\Users\\Ivan\\Desktop\\msb-ui\\src\\components\\Billing\\Invoices\\config.tsx","statementMap":{"0":{"start":{"line":11,"column":62},"end":{"line":17,"column":1}},"1":{"start":{"line":12,"column":2},"end":{"line":16,"column":4}},"2":{"start":{"line":14,"column":6},"end":{"line":14,"column":24}},"3":{"start":{"line":19,"column":23},"end":{"line":38,"column":1}},"4":{"start":{"line":20,"column":40},"end":{"line":20,"column":67}},"5":{"start":{"line":22,"column":24},"end":{"line":24,"column":3}},"6":{"start":{"line":23,"column":4},"end":{"line":23,"column":37}},"7":{"start":{"line":26,"column":2},"end":{"line":30,"column":25}},"8":{"start":{"line":27,"column":4},"end":{"line":27,"column":52}},"9":{"start":{"line":29,"column":4},"end":{"line":29,"column":68}},"10":{"start":{"line":29,"column":17},"end":{"line":29,"column":68}},"11":{"start":{"line":32,"column":2},"end":{"line":37,"column":3}},"12":{"start":{"line":40,"column":42},"end":{"line":65,"column":1}},"13":{"start":{"line":67,"column":23},"end":{"line":73,"column":1}},"14":{"start":{"line":75,"column":28},"end":{"line":81,"column":1}},"15":{"start":{"line":83,"column":22},"end":{"line":99,"column":1}}},"fnMap":{"0":{"name":"(anonymous_0)","decl":{"start":{"line":11,"column":62},"end":{"line":11,"column":63}},"loc":{"start":{"line":12,"column":2},"end":{"line":16,"column":4}},"line":12},"1":{"name":"(anonymous_1)","decl":{"start":{"line":13,"column":13},"end":{"line":13,"column":14}},"loc":{"start":{"line":13,"column":19},"end":{"line":15,"column":5}},"line":13},"2":{"name":"(anonymous_2)","decl":{"start":{"line":19,"column":23},"end":{"line":19,"column":24}},"loc":{"start":{"line":19,"column":29},"end":{"line":38,"column":1}},"line":19},"3":{"name":"(anonymous_3)","decl":{"start":{"line":22,"column":24},"end":{"line":22,"column":25}},"loc":{"start":{"line":22,"column":30},"end":{"line":24,"column":3}},"line":22},"4":{"name":"(anonymous_4)","decl":{"start":{"line":26,"column":12},"end":{"line":26,"column":13}},"loc":{"start":{"line":26,"column":18},"end":{"line":30,"column":3}},"line":26},"5":{"name":"(anonymous_5)","decl":{"start":{"line":29,"column":11},"end":{"line":29,"column":12}},"loc":{"start":{"line":29,"column":17},"end":{"line":29,"column":68}},"line":29}},"branchMap":{"0":{"loc":{"start":{"line":34,"column":10},"end":{"line":34,"column":56}},"type":"cond-expr","locations":[{"start":{"line":34,"column":31},"end":{"line":34,"column":48}},{"start":{"line":34,"column":51},"end":{"line":34,"column":56}}],"line":34}},"s":{"0":1,"1":21,"2":0,"3":1,"4":1,"5":1,"6":0,"7":1,"8":1,"9":1,"10":1,"11":1,"12":1,"13":1,"14":1,"15":1},"f":{"0":21,"1":0,"2":1,"3":0,"4":1,"5":1},"b":{"0":[0,1]},"_coverageSchema":"1a1c01bbd47fc00a2c39e90264f33305004495a9","hash":"cc541afb06035faab5ec1bb97c6bd33c567175e7"}
,"C:\\Users\\Ivan\\Desktop\\msb-ui\\src\\components\\Billing\\Invoices\\index.tsx": {"path":"C:\\Users\\Ivan\\Desktop\\msb-ui\\src\\components\\Billing\\Invoices\\index.tsx","statementMap":{},"fnMap":{},"branchMap":{},"s":{},"f":{},"b":{},"_coverageSchema":"1a1c01bbd47fc00a2c39e90264f33305004495a9","hash":"a79d1de1564953939f7cae5cb0bc97ba21c28423"}
,"C:\\Users\\Ivan\\Desktop\\msb-ui\\src\\components\\common\\CheckboxItem\\CheckboxItem.tsx": {"path":"C:\\Users\\Ivan\\Desktop\\msb-ui\\src\\components\\common\\CheckboxItem\\CheckboxItem.tsx","statementMap":{"0":{"start":{"line":9,"column":21},"end":{"line":16,"column":1}},"1":{"start":{"line":10,"column":2},"end":{"line":15,"column":3}}},"fnMap":{"0":{"name":"(anonymous_0)","decl":{"start":{"line":9,"column":21},"end":{"line":9,"column":22}},"loc":{"start":{"line":9,"column":43},"end":{"line":16,"column":1}},"line":9}},"branchMap":{},"s":{"0":3,"1":23},"f":{"0":23},"b":{},"_coverageSchema":"1a1c01bbd47fc00a2c39e90264f33305004495a9","hash":"60e513acf5cbe48df22824fd5f5b28b2950a0094"}
,"C:\\Users\\Ivan\\Desktop\\msb-ui\\src\\components\\common\\CheckboxItem\\index.tsx": {"path":"C:\\Users\\Ivan\\Desktop\\msb-ui\\src\\components\\common\\CheckboxItem\\index.tsx","statementMap":{},"fnMap":{},"branchMap":{},"s":{},"f":{},"b":{},"_coverageSchema":"1a1c01bbd47fc00a2c39e90264f33305004495a9","hash":"45e9d7155e8d3db93f331c300c3b0077d7f50f6a"}
,"C:\\Users\\Ivan\\Desktop\\msb-ui\\src\\components\\common\\Container\\Container.tsx": {"path":"C:\\Users\\Ivan\\Desktop\\msb-ui\\src\\components\\common\\Container\\Container.tsx","statementMap":{"0":{"start":{"line":11,"column":18},"end":{"line":18,"column":1}},"1":{"start":{"line":12,"column":2},"end":{"line":17,"column":3}}},"fnMap":{"0":{"name":"(anonymous_0)","decl":{"start":{"line":11,"column":18},"end":{"line":11,"column":19}},"loc":{"start":{"line":11,"column":65},"end":{"line":18,"column":1}},"line":11}},"branchMap":{},"s":{"0":2,"1":2},"f":{"0":2},"b":{},"_coverageSchema":"1a1c01bbd47fc00a2c39e90264f33305004495a9","hash":"57c25df194d595a4a177efc236858844ce6662a5"}
,"C:\\Users\\Ivan\\Desktop\\msb-ui\\src\\components\\common\\Container\\index.tsx": {"path":"C:\\Users\\Ivan\\Desktop\\msb-ui\\src\\components\\common\\Container\\index.tsx","statementMap":{},"fnMap":{},"branchMap":{},"s":{},"f":{},"b":{},"_coverageSchema":"1a1c01bbd47fc00a2c39e90264f33305004495a9","hash":"ef8eb32ffc67756a64ea4ef4b84a404801883725"}
,"C:\\Users\\Ivan\\Desktop\\msb-ui\\src\\components\\common\\CustomTable\\CustomTable.tsx": {"path":"C:\\Users\\Ivan\\Desktop\\msb-ui\\src\\components\\common\\CustomTable\\CustomTable.tsx","statementMap":{"0":{"start":{"line":13,"column":20},"end":{"line":51,"column":1}},"1":{"start":{"line":14,"column":24},"end":{"line":14,"column":51}},"2":{"start":{"line":16,"column":79},"end":{"line":16,"column":92}},"3":{"start":{"line":18,"column":2},"end":{"line":50,"column":3}},"4":{"start":{"line":24,"column":12},"end":{"line":29,"column":17}},"5":{"start":{"line":27,"column":16},"end":{"line":27,"column":79}},"6":{"start":{"line":35,"column":12},"end":{"line":35,"column":27}},"7":{"start":{"line":36,"column":12},"end":{"line":44,"column":13}},"8":{"start":{"line":41,"column":18},"end":{"line":41,"column":80}}},"fnMap":{"0":{"name":"(anonymous_0)","decl":{"start":{"line":13,"column":20},"end":{"line":13,"column":21}},"loc":{"start":{"line":13,"column":96},"end":{"line":51,"column":1}},"line":13},"1":{"name":"(anonymous_1)","decl":{"start":{"line":22,"column":28},"end":{"line":22,"column":29}},"loc":{"start":{"line":24,"column":12},"end":{"line":29,"column":17}},"line":24},"2":{"name":"(anonymous_2)","decl":{"start":{"line":25,"column":39},"end":{"line":25,"column":40}},"loc":{"start":{"line":27,"column":16},"end":{"line":27,"column":79}},"line":27},"3":{"name":"(anonymous_3)","decl":{"start":{"line":33,"column":20},"end":{"line":33,"column":21}},"loc":{"start":{"line":33,"column":29},"end":{"line":45,"column":11}},"line":33},"4":{"name":"(anonymous_4)","decl":{"start":{"line":39,"column":31},"end":{"line":39,"column":32}},"loc":{"start":{"line":39,"column":41},"end":{"line":42,"column":17}},"line":39}},"branchMap":{},"s":{"0":2,"1":2,"2":2,"3":2,"4":2,"5":8,"6":23,"7":23,"8":130},"f":{"0":2,"1":2,"2":8,"3":23,"4":130},"b":{},"_coverageSchema":"1a1c01bbd47fc00a2c39e90264f33305004495a9","hash":"75056522ee8ec66400f0848eab67252c99f029a7"}
,"C:\\Users\\Ivan\\Desktop\\msb-ui\\src\\components\\common\\CustomTable\\index.tsx": {"path":"C:\\Users\\Ivan\\Desktop\\msb-ui\\src\\components\\common\\CustomTable\\index.tsx","statementMap":{},"fnMap":{},"branchMap":{},"s":{},"f":{},"b":{},"_coverageSchema":"1a1c01bbd47fc00a2c39e90264f33305004495a9","hash":"5f5dd92708f923aa2e0f0da2788071f0ca9c033c"}
,"C:\\Users\\Ivan\\Desktop\\msb-ui\\src\\components\\common\\CustomTable\\components\\Pagination\\Pagination.tsx": {"path":"C:\\Users\\Ivan\\Desktop\\msb-ui\\src\\components\\common\\CustomTable\\components\\Pagination\\Pagination.tsx","statementMap":{"0":{"start":{"line":7,"column":19},"end":{"line":18,"column":1}},"1":{"start":{"line":8,"column":2},"end":{"line":17,"column":3}}},"fnMap":{"0":{"name":"(anonymous_0)","decl":{"start":{"line":7,"column":19},"end":{"line":7,"column":20}},"loc":{"start":{"line":7,"column":25},"end":{"line":18,"column":1}},"line":7}},"branchMap":{},"s":{"0":2,"1":2},"f":{"0":2},"b":{},"_coverageSchema":"1a1c01bbd47fc00a2c39e90264f33305004495a9","hash":"53f273177ae555949b1d17a439ce6d344f5eb46c"}
,"C:\\Users\\Ivan\\Desktop\\msb-ui\\src\\components\\common\\CustomTable\\components\\Pagination\\index.tsx": {"path":"C:\\Users\\Ivan\\Desktop\\msb-ui\\src\\components\\common\\CustomTable\\components\\Pagination\\index.tsx","statementMap":{},"fnMap":{},"branchMap":{},"s":{},"f":{},"b":{},"_coverageSchema":"1a1c01bbd47fc00a2c39e90264f33305004495a9","hash":"35811868a302aaf0d946a3e74a352b0913d9bd0c"}
,"C:\\Users\\Ivan\\Desktop\\msb-ui\\src\\components\\common\\PageHeader\\PageHeader.tsx": {"path":"C:\\Users\\Ivan\\Desktop\\msb-ui\\src\\components\\common\\PageHeader\\PageHeader.tsx","statementMap":{"0":{"start":{"line":10,"column":19},"end":{"line":20,"column":1}},"1":{"start":{"line":11,"column":2},"end":{"line":19,"column":3}}},"fnMap":{"0":{"name":"(anonymous_0)","decl":{"start":{"line":10,"column":19},"end":{"line":10,"column":20}},"loc":{"start":{"line":10,"column":51},"end":{"line":20,"column":1}},"line":10}},"branchMap":{},"s":{"0":3,"1":4},"f":{"0":4},"b":{},"_coverageSchema":"1a1c01bbd47fc00a2c39e90264f33305004495a9","hash":"63dbd1c880faa5b73b683dde051aac7cea1b1a11"}
,"C:\\Users\\Ivan\\Desktop\\msb-ui\\src\\components\\common\\PageHeader\\index.tsx": {"path":"C:\\Users\\Ivan\\Desktop\\msb-ui\\src\\components\\common\\PageHeader\\index.tsx","statementMap":{},"fnMap":{},"branchMap":{},"s":{},"f":{},"b":{},"_coverageSchema":"1a1c01bbd47fc00a2c39e90264f33305004495a9","hash":"2aaf77339ec6ae1856c17535adcd7819d47280cc"}
,"C:\\Users\\Ivan\\Desktop\\msb-ui\\src\\components\\common\\PageHeader\\components\\BreadCrumb\\BreadCrumb.tsx": {"path":"C:\\Users\\Ivan\\Desktop\\msb-ui\\src\\components\\common\\PageHeader\\components\\BreadCrumb\\BreadCrumb.tsx","statementMap":{"0":{"start":{"line":4,"column":19},"end":{"line":16,"column":1}},"1":{"start":{"line":5,"column":16},"end":{"line":5,"column":85}},"2":{"start":{"line":5,"column":69},"end":{"line":5,"column":84}},"3":{"start":{"line":7,"column":2},"end":{"line":15,"column":3}},"4":{"start":{"line":11,"column":10},"end":{"line":11,"column":36}}},"fnMap":{"0":{"name":"(anonymous_0)","decl":{"start":{"line":4,"column":19},"end":{"line":4,"column":20}},"loc":{"start":{"line":4,"column":25},"end":{"line":16,"column":1}},"line":4},"1":{"name":"(anonymous_1)","decl":{"start":{"line":5,"column":59},"end":{"line":5,"column":60}},"loc":{"start":{"line":5,"column":69},"end":{"line":5,"column":84}},"line":5},"2":{"name":"(anonymous_2)","decl":{"start":{"line":10,"column":19},"end":{"line":10,"column":20}},"loc":{"start":{"line":11,"column":10},"end":{"line":11,"column":36}},"line":11}},"branchMap":{},"s":{"0":4,"1":5,"2":14,"3":5,"4":6},"f":{"0":5,"1":14,"2":6},"b":{},"_coverageSchema":"1a1c01bbd47fc00a2c39e90264f33305004495a9","hash":"ad3a3b135c90c02a75455e25bcf772c0768bdf04"}
,"C:\\Users\\Ivan\\Desktop\\msb-ui\\src\\components\\common\\PageHeader\\components\\BreadCrumb\\index.tsx": {"path":"C:\\Users\\Ivan\\Desktop\\msb-ui\\src\\components\\common\\PageHeader\\components\\BreadCrumb\\index.tsx","statementMap":{},"fnMap":{},"branchMap":{},"s":{},"f":{},"b":{},"_coverageSchema":"1a1c01bbd47fc00a2c39e90264f33305004495a9","hash":"5d4e6e220f0517bbe61aacbe202fca1ce9526e0c"}
,"C:\\Users\\Ivan\\Desktop\\msb-ui\\src\\components\\common\\SearchBar\\SearchBar.tsx": {"path":"C:\\Users\\Ivan\\Desktop\\msb-ui\\src\\components\\common\\SearchBar\\SearchBar.tsx","statementMap":{"0":{"start":{"line":9,"column":18},"end":{"line":13,"column":1}},"1":{"start":{"line":10,"column":2},"end":{"line":12,"column":3}}},"fnMap":{"0":{"name":"(anonymous_0)","decl":{"start":{"line":9,"column":18},"end":{"line":9,"column":19}},"loc":{"start":{"line":9,"column":56},"end":{"line":13,"column":1}},"line":9}},"branchMap":{},"s":{"0":2,"1":2},"f":{"0":2},"b":{},"_coverageSchema":"1a1c01bbd47fc00a2c39e90264f33305004495a9","hash":"a14a2895b4d2cd65d1d4480f9efe996509a845db"}
,"C:\\Users\\Ivan\\Desktop\\msb-ui\\src\\components\\common\\SearchBar\\index.tsx": {"path":"C:\\Users\\Ivan\\Desktop\\msb-ui\\src\\components\\common\\SearchBar\\index.tsx","statementMap":{},"fnMap":{},"branchMap":{},"s":{},"f":{},"b":{},"_coverageSchema":"1a1c01bbd47fc00a2c39e90264f33305004495a9","hash":"6286068cde3964c94933b966f0fa34e04bda091f"}
,"C:\\Users\\Ivan\\Desktop\\msb-ui\\src\\components\\common\\SubSidebar\\SubSidebar.tsx": {"path":"C:\\Users\\Ivan\\Desktop\\msb-ui\\src\\components\\common\\SubSidebar\\SubSidebar.tsx","statementMap":{"0":{"start":{"line":8,"column":19},"end":{"line":10,"column":1}},"1":{"start":{"line":9,"column":2},"end":{"line":9,"column":58}}},"fnMap":{"0":{"name":"(anonymous_0)","decl":{"start":{"line":8,"column":19},"end":{"line":8,"column":20}},"loc":{"start":{"line":8,"column":44},"end":{"line":10,"column":1}},"line":8}},"branchMap":{},"s":{"0":2,"1":2},"f":{"0":2},"b":{},"_coverageSchema":"1a1c01bbd47fc00a2c39e90264f33305004495a9","hash":"9216a5a363ed737d063d40db08ff4a69b274f157"}
,"C:\\Users\\Ivan\\Desktop\\msb-ui\\src\\components\\common\\SubSidebar\\index.tsx": {"path":"C:\\Users\\Ivan\\Desktop\\msb-ui\\src\\components\\common\\SubSidebar\\index.tsx","statementMap":{},"fnMap":{},"branchMap":{},"s":{},"f":{},"b":{},"_coverageSchema":"1a1c01bbd47fc00a2c39e90264f33305004495a9","hash":"07237ef774daf94407f89cadbbbe407dcf82816c"}
,"C:\\Users\\Ivan\\Desktop\\msb-ui\\src\\components\\common\\SubSidebar\\components\\NavbarCheckbox\\NavbarCheckbox.tsx": {"path":"C:\\Users\\Ivan\\Desktop\\msb-ui\\src\\components\\common\\SubSidebar\\components\\NavbarCheckbox\\NavbarCheckbox.tsx","statementMap":{"0":{"start":{"line":13,"column":23},"end":{"line":27,"column":1}},"1":{"start":{"line":14,"column":2},"end":{"line":26,"column":3}},"2":{"start":{"line":20,"column":10},"end":{"line":22,"column":15}}},"fnMap":{"0":{"name":"(anonymous_0)","decl":{"start":{"line":13,"column":23},"end":{"line":13,"column":24}},"loc":{"start":{"line":13,"column":55},"end":{"line":27,"column":1}},"line":13},"1":{"name":"(anonymous_1)","decl":{"start":{"line":19,"column":19},"end":{"line":19,"column":20}},"loc":{"start":{"line":20,"column":10},"end":{"line":22,"column":15}},"line":20}},"branchMap":{},"s":{"0":2,"1":3,"2":22},"f":{"0":3,"1":22},"b":{},"_coverageSchema":"1a1c01bbd47fc00a2c39e90264f33305004495a9","hash":"c8f4aae292c97762aa5f43f0d633e19f00487d20"}
,"C:\\Users\\Ivan\\Desktop\\msb-ui\\src\\components\\common\\SubSidebar\\components\\NavbarCheckbox\\index.tsx": {"path":"C:\\Users\\Ivan\\Desktop\\msb-ui\\src\\components\\common\\SubSidebar\\components\\NavbarCheckbox\\index.tsx","statementMap":{},"fnMap":{},"branchMap":{},"s":{},"f":{},"b":{},"_coverageSchema":"1a1c01bbd47fc00a2c39e90264f33305004495a9","hash":"8b6eb21374c87c7b418458b2e86f3c57c3137222"}
,"C:\\Users\\Ivan\\Desktop\\msb-ui\\src\\components\\common\\SubSidebar\\components\\NavbarHolder\\NavbarHolder.tsx": {"path":"C:\\Users\\Ivan\\Desktop\\msb-ui\\src\\components\\common\\SubSidebar\\components\\NavbarHolder\\NavbarHolder.tsx","statementMap":{"0":{"start":{"line":9,"column":21},"end":{"line":17,"column":1}},"1":{"start":{"line":10,"column":2},"end":{"line":16,"column":3}}},"fnMap":{"0":{"name":"(anonymous_0)","decl":{"start":{"line":9,"column":21},"end":{"line":9,"column":22}},"loc":{"start":{"line":9,"column":53},"end":{"line":17,"column":1}},"line":9}},"branchMap":{},"s":{"0":2,"1":4},"f":{"0":4},"b":{},"_coverageSchema":"1a1c01bbd47fc00a2c39e90264f33305004495a9","hash":"621e374f83d883286ff72a410dde0fa69d511f72"}
,"C:\\Users\\Ivan\\Desktop\\msb-ui\\src\\components\\common\\SubSidebar\\components\\NavbarHolder\\index.tsx": {"path":"C:\\Users\\Ivan\\Desktop\\msb-ui\\src\\components\\common\\SubSidebar\\components\\NavbarHolder\\index.tsx","statementMap":{},"fnMap":{},"branchMap":{},"s":{},"f":{},"b":{},"_coverageSchema":"1a1c01bbd47fc00a2c39e90264f33305004495a9","hash":"eb349e0fb7fc496556c2f2c82f30968017d1bd0e"}
,"C:\\Users\\Ivan\\Desktop\\msb-ui\\src\\components\\common\\SubSidebar\\components\\NavbarPeriod\\NavbarPeriod.tsx": {"path":"C:\\Users\\Ivan\\Desktop\\msb-ui\\src\\components\\common\\SubSidebar\\components\\NavbarPeriod\\NavbarPeriod.tsx","statementMap":{"0":{"start":{"line":13,"column":21},"end":{"line":36,"column":1}},"1":{"start":{"line":14,"column":38},"end":{"line":14,"column":64}},"2":{"start":{"line":16,"column":2},"end":{"line":35,"column":3}},"3":{"start":{"line":20,"column":10},"end":{"line":31,"column":15}},"4":{"start":{"line":24,"column":14},"end":{"line":24,"column":53}},"5":{"start":{"line":24,"column":47},"end":{"line":24,"column":53}},"6":{"start":{"line":25,"column":14},"end":{"line":25,"column":41}}},"fnMap":{"0":{"name":"(anonymous_0)","decl":{"start":{"line":13,"column":21},"end":{"line":13,"column":22}},"loc":{"start":{"line":13,"column":45},"end":{"line":36,"column":1}},"line":13},"1":{"name":"(anonymous_1)","decl":{"start":{"line":19,"column":21},"end":{"line":19,"column":22}},"loc":{"start":{"line":20,"column":10},"end":{"line":31,"column":15}},"line":20},"2":{"name":"(anonymous_2)","decl":{"start":{"line":23,"column":21},"end":{"line":23,"column":22}},"loc":{"start":{"line":23,"column":27},"end":{"line":26,"column":13}},"line":23}},"branchMap":{"0":{"loc":{"start":{"line":24,"column":14},"end":{"line":24,"column":53}},"type":"if","locations":[{"start":{"line":24,"column":14},"end":{"line":24,"column":53}},{"start":{},"end":{}}],"line":24}},"s":{"0":2,"1":3,"2":3,"3":11,"4":1,"5":0,"6":1},"f":{"0":3,"1":11,"2":1},"b":{"0":[0,1]},"_coverageSchema":"1a1c01bbd47fc00a2c39e90264f33305004495a9","hash":"5fff3c135e775769d9646a659978397e9e37f262"}
,"C:\\Users\\Ivan\\Desktop\\msb-ui\\src\\components\\common\\SubSidebar\\components\\NavbarPeriod\\index.tsx": {"path":"C:\\Users\\Ivan\\Desktop\\msb-ui\\src\\components\\common\\SubSidebar\\components\\NavbarPeriod\\index.tsx","statementMap":{},"fnMap":{},"branchMap":{},"s":{},"f":{},"b":{},"_coverageSchema":"1a1c01bbd47fc00a2c39e90264f33305004495a9","hash":"b201df7e9bd19bd99e796adb310e1d16b1e2f7de"}
,"C:\\Users\\Ivan\\Desktop\\msb-ui\\src\\components\\icons\\AngleLeftIcon.tsx": {"path":"C:\\Users\\Ivan\\Desktop\\msb-ui\\src\\components\\icons\\AngleLeftIcon.tsx","statementMap":{"0":{"start":{"line":7,"column":22},"end":{"line":23,"column":1}},"1":{"start":{"line":8,"column":2},"end":{"line":22,"column":3}}},"fnMap":{"0":{"name":"(anonymous_0)","decl":{"start":{"line":7,"column":22},"end":{"line":7,"column":23}},"loc":{"start":{"line":7,"column":44},"end":{"line":23,"column":1}},"line":7}},"branchMap":{},"s":{"0":2,"1":2},"f":{"0":2},"b":{},"_coverageSchema":"1a1c01bbd47fc00a2c39e90264f33305004495a9","hash":"5552d8b19c791678ecc4d20b796f16be4e7ef118"}
,"C:\\Users\\Ivan\\Desktop\\msb-ui\\src\\components\\icons\\AngleRightIcon.tsx": {"path":"C:\\Users\\Ivan\\Desktop\\msb-ui\\src\\components\\icons\\AngleRightIcon.tsx","statementMap":{"0":{"start":{"line":7,"column":23},"end":{"line":23,"column":1}},"1":{"start":{"line":8,"column":2},"end":{"line":22,"column":3}}},"fnMap":{"0":{"name":"(anonymous_0)","decl":{"start":{"line":7,"column":23},"end":{"line":7,"column":24}},"loc":{"start":{"line":7,"column":45},"end":{"line":23,"column":1}},"line":7}},"branchMap":{},"s":{"0":2,"1":2},"f":{"0":2},"b":{},"_coverageSchema":"1a1c01bbd47fc00a2c39e90264f33305004495a9","hash":"70f414524dbd89cebd50b8bf3b5b978673dc7101"}
,"C:\\Users\\Ivan\\Desktop\\msb-ui\\src\\components\\icons\\ArrowDownIcon.tsx": {"path":"C:\\Users\\Ivan\\Desktop\\msb-ui\\src\\components\\icons\\ArrowDownIcon.tsx","statementMap":{"0":{"start":{"line":3,"column":22},"end":{"line":19,"column":1}},"1":{"start":{"line":4,"column":2},"end":{"line":18,"column":3}}},"fnMap":{"0":{"name":"(anonymous_0)","decl":{"start":{"line":3,"column":22},"end":{"line":3,"column":23}},"loc":{"start":{"line":3,"column":28},"end":{"line":19,"column":1}},"line":3}},"branchMap":{},"s":{"0":1,"1":1},"f":{"0":1},"b":{},"_coverageSchema":"1a1c01bbd47fc00a2c39e90264f33305004495a9","hash":"f55f1075b2c7d8f455795be4c1c2ed6ba8adde90"}
,"C:\\Users\\Ivan\\Desktop\\msb-ui\\src\\components\\icons\\Calendar.tsx": {"path":"C:\\Users\\Ivan\\Desktop\\msb-ui\\src\\components\\icons\\Calendar.tsx","statementMap":{"0":{"start":{"line":3,"column":14},"end":{"line":32,"column":1}},"1":{"start":{"line":4,"column":2},"end":{"line":31,"column":3}}},"fnMap":{"0":{"name":"(anonymous_0)","decl":{"start":{"line":3,"column":14},"end":{"line":3,"column":15}},"loc":{"start":{"line":3,"column":20},"end":{"line":32,"column":1}},"line":3}},"branchMap":{},"s":{"0":1,"1":5},"f":{"0":5},"b":{},"_coverageSchema":"1a1c01bbd47fc00a2c39e90264f33305004495a9","hash":"d506b2ae2f3da3e62e3e5b8fdbb0f7a436af8bf2"}
,"C:\\Users\\Ivan\\Desktop\\msb-ui\\src\\components\\icons\\CheckboxSelectedIcon.tsx": {"path":"C:\\Users\\Ivan\\Desktop\\msb-ui\\src\\components\\icons\\CheckboxSelectedIcon.tsx","statementMap":{"0":{"start":{"line":3,"column":21},"end":{"line":21,"column":1}},"1":{"start":{"line":4,"column":2},"end":{"line":20,"column":3}}},"fnMap":{"0":{"name":"(anonymous_0)","decl":{"start":{"line":3,"column":21},"end":{"line":3,"column":22}},"loc":{"start":{"line":3,"column":27},"end":{"line":21,"column":1}},"line":3}},"branchMap":{},"s":{"0":3,"1":23},"f":{"0":23},"b":{},"_coverageSchema":"1a1c01bbd47fc00a2c39e90264f33305004495a9","hash":"e2410ec954b8211ca4836427409d257b64ad4e51"}
,"C:\\Users\\Ivan\\Desktop\\msb-ui\\src\\components\\icons\\DownloadIcon.tsx": {"path":"C:\\Users\\Ivan\\Desktop\\msb-ui\\src\\components\\icons\\DownloadIcon.tsx","statementMap":{"0":{"start":{"line":8,"column":21},"end":{"line":43,"column":1}},"1":{"start":{"line":9,"column":2},"end":{"line":42,"column":8}}},"fnMap":{"0":{"name":"(anonymous_0)","decl":{"start":{"line":8,"column":21},"end":{"line":8,"column":22}},"loc":{"start":{"line":9,"column":2},"end":{"line":42,"column":8}},"line":9}},"branchMap":{},"s":{"0":1,"1":21},"f":{"0":21},"b":{},"_coverageSchema":"1a1c01bbd47fc00a2c39e90264f33305004495a9","hash":"7265f58eb15d908f48be668720e1913df8149be3"}
}
